A 6 
Accanto 1 
aere 1 
affanna 1 
Ahi 1 
Ai 4 
al 13 
all 3 
alle 1 
allegrati 1 
alma 1 
Alpi 1 
Alta 1 
altar 1 
altezza 1 
altro 2 
amor 1 
ancor 1 
anelo 1 
ansia 1 
arbitro 1 
ardua 1 
armato 1 
aspettando 1 
assalse 1 
assidua 1 
assise 1 
atterra 1 
attonita 1 
avanza 1 
avvezza 1 
avviò 1 
avvolve 1 
baleno 1 
Bella 1 
benefica 1 
braccia 1 
breve 1 
Cadde 3 
calpestar 1 
campi 1 
cantico 1 
capo 1 
cavalli 1 
celere 1 
ceneri 1 
Ch 1 
Che 9 
Chinati 1 
Chiniam 1 
chinò 1 
Chiuse 1 
Chè 1 
cielo 1 
codardo 1 
coltrice 1 
Come 2 
commosso 1 
con 1 
concitato 1 
conserte 1 
consola 1 
contro 1 
cor 1 
Così 1 
creator 1 
cruenta 1 
cui 1 
cumulo 1 
d 6 
da 1 
Dal 2 
Dall 2 
dalle 1 
Dato 1 
de 1 
dei 2 
Del 3 
dell 1 
della 1 
Delle 1 
deserta 1 
desidéri 1 
di 8 
dianzi 1 
dietro 1 
Dio 1 
disegno 1 
disonor 1 
disperò 1 
dopo 1 
Dov 1 
Due 3 
dì 2 
e 29 
ed 1 
Ei 4 
encomio 1 
era 1 
esiglio 1 
eterne 1 
eterni 1 
fatale 1 
fato 1 
Fattor 1 
fe 1 
Fede 1 
floridi 1 
folgorante 1 
follia 1 
forse 2 
fronte 1 
fu 2 
fuga 1 
fulmine 1 
fulminei 1 
furono 1 
genio 1 
giacque 1 
Giammai 1 
Gioia 1 
giorno 1 
giunge 1 
gloria 3 
Golgota 1 
gran 1 
ha 1 
i 4 
il 14 
immemore 1 
immensa 1 
immobile 1 
Immortal 1 
imperio 1 
imprese 1 
in 5 
indocile 1 
indomato 1 
inerte 1 
inestinguibil 1 
invan 1 
invidia 1 
L 9 
la 13 
lampo 1 
Le 2 
lo 1 
lor 1 
Lui 4 
ma 1 
Maggior 1 
man 2 
manipoli 1 
Manzanarre 1 
mar 1 
Massimo 1 
memorie 1 
mezzo 1 
mille 1 
mio 1 
misero 1 
Mista 1 
mobili 1 
Morir 1 
morrà 1 
mortal 1 
mortale 1 
Muta 1 
Narrar 1 
naufrago 1 
nell 1 
nella 1 
nomò 1 
non 3 
nui 1 
nunzio 1 
Nè 1 
odio 1 
ogni 1 
Oh 2 
oltraggio 1 
onda 3 
or 1 
Ora 1 
Orba 1 
Orma 2 
ozio 1 
pagine 1 
parola 1 
passò 1 
pei 1 
pensando 2 
percossa 1 
percossi 1 
periglio 1 
pesa 1 
Pietosa 1 
pietà 1 
Piramidi 1 
piè 1 
Più 3 
polvere 2 
posteri 2 
posò 1 
premio 2 
procellosa 1 
Prode 1 
profonda 1 
provò 1 
pur 1 
quando 2 
quante 2 
quel 1 
quell 1 
questo 1 
raggio 1 
rai 1 
reggia 1 
regno 1 
remote 1 
Reno 1 
ria 1 
ripensò 1 
risorse 1 
S 2 
sa 1 
scernere 1 
scese 1 
Scilla 1 
scioglie 1 
Scoppiò 1 
Scorrea 1 
Scrivi 1 
se 1 
secoli 1 
securo 1 
Segno 1 
sen 1 
sentenza 1 
Sentier 1 
Serve 1 
servo 1 
si 3 
Siccome 1 
silenzio 2 
simile 1 
solio 1 
Sommessi 1 
sonito 1 
Sorge 1 
sospiro 1 
sovvenir 1 
Sparir 1 
sparve 1 
speranza 1 
sperar 1 
Sperdi 1 
spirabil 1 
spirito 1 
spiro 1 
spirto 1 
spoglia 1 
sponda 1 
sta 1 
stampar 1 
stanca 1 
stanche 1 
stesso 1 
Stette 2 
strazio 1 
su 2 
sua 2 
subito 1 
sul 1 
sull 2 
Sulla 1 
suo 1 
superba 1 
suscita 1 
sì 1 
tacito 1 
tacque 1 
Tal 1 
Tanai 1 
tanto 3 
Tenea 1 
tenebre 1 
terra 1 
tesa 1 
tiene 1 
trasportò 1 
trepida 1 
trionfi 1 
tristo 1 
Tu 1 
Tutto 1 
ubbidir 1 
ultima 1 
un 6 
una 2 
uno 1 
uom 1 
urna 1 
valida 1 
valli 1 
vasta 1 
vece 1 
Venne 1 
vera 1 
Vergin 1 
verrà 1 
Vide 1 
vista 1 
vittoria 1 
voci 1 
volle 1 
volsero 1 
volte 4 
è 1 
