A 12 
Accanto 2 
aere 2 
affanna 2 
Ahi 2 
Ai 8 
al 26 
all 6 
alle 2 
allegrati 2 
alma 2 
Alpi 2 
Alta 2 
altar 2 
altezza 2 
altro 4 
amor 2 
ancor 2 
anelo 2 
ansia 2 
arbitro 2 
ardua 2 
armato 2 
aspettando 2 
assalse 2 
assidua 2 
assise 2 
atterra 2 
attonita 2 
avanza 2 
avvezza 2 
avviò 2 
avvolve 2 
baleno 2 
Bella 2 
benefica 2 
braccia 2 
breve 2 
Cadde 6 
calpestar 2 
campi 2 
cantico 2 
capo 2 
cavalli 2 
celere 2 
ceneri 2 
Ch 2 
Che 18 
Chinati 2 
Chiniam 2 
chinò 2 
Chiuse 2 
Chè 2 
cielo 2 
codardo 2 
coltrice 2 
Come 4 
commosso 2 
con 2 
concitato 2 
conserte 2 
consola 2 
contro 2 
cor 2 
Così 2 
creator 2 
cruenta 2 
cui 2 
cumulo 2 
d 12 
da 2 
Dal 4 
Dall 4 
dalle 2 
Dato 2 
de 2 
dei 4 
Del 6 
dell 2 
della 2 
Delle 2 
deserta 2 
desidéri 2 
di 16 
dianzi 2 
dietro 2 
Dio 2 
disegno 2 
disonor 2 
disperò 2 
dopo 2 
Dov 2 
Due 6 
dì 4 
e 58 
ed 2 
Ei 8 
encomio 2 
era 2 
esiglio 2 
eterne 2 
eterni 2 
fatale 2 
fato 2 
Fattor 2 
fe 2 
Fede 2 
floridi 2 
folgorante 2 
follia 2 
forse 4 
fronte 2 
fu 4 
fuga 2 
fulmine 2 
fulminei 2 
furono 2 
genio 2 
giacque 2 
Giammai 2 
Gioia 2 
giorno 2 
giunge 2 
gloria 6 
Golgota 2 
gran 2 
ha 2 
i 8 
il 28 
immemore 2 
immensa 2 
immobile 2 
Immortal 2 
imperio 2 
imprese 2 
in 10 
indocile 2 
indomato 2 
inerte 2 
inestinguibil 2 
invan 2 
invidia 2 
L 18 
la 26 
lampo 2 
Le 4 
lo 2 
lor 2 
Lui 8 
ma 2 
Maggior 2 
man 4 
manipoli 2 
Manzanarre 2 
mar 2 
Massimo 2 
memorie 2 
mezzo 2 
mille 2 
mio 2 
misero 2 
Mista 2 
mobili 2 
Morir 2 
morrà 2 
mortal 2 
mortale 2 
Muta 2 
Narrar 2 
naufrago 2 
nell 2 
nella 2 
nomò 2 
non 6 
nui 2 
nunzio 2 
Nè 2 
odio 2 
ogni 2 
Oh 4 
oltraggio 2 
onda 6 
or 2 
Ora 2 
Orba 2 
Orma 4 
ozio 2 
pagine 2 
parola 2 
passò 2 
pei 2 
pensando 4 
percossa 2 
percossi 2 
periglio 2 
pesa 2 
Pietosa 2 
pietà 2 
Piramidi 2 
piè 2 
Più 6 
polvere 4 
posteri 4 
posò 2 
premio 4 
procellosa 2 
Prode 2 
profonda 2 
provò 2 
pur 2 
quando 4 
quante 4 
quel 2 
quell 2 
questo 2 
raggio 2 
rai 2 
reggia 2 
regno 2 
remote 2 
Reno 2 
ria 2 
ripensò 2 
risorse 2 
S 4 
sa 2 
scernere 2 
scese 2 
Scilla 2 
scioglie 2 
Scoppiò 2 
Scorrea 2 
Scrivi 2 
se 2 
secoli 2 
securo 2 
Segno 2 
sen 2 
sentenza 2 
Sentier 2 
Serve 2 
servo 2 
si 6 
Siccome 2 
silenzio 4 
simile 2 
solio 2 
Sommessi 2 
sonito 2 
Sorge 2 
sospiro 2 
sovvenir 2 
Sparir 2 
sparve 2 
speranza 2 
sperar 2 
Sperdi 2 
spirabil 2 
spirito 2 
spiro 2 
spirto 2 
spoglia 2 
sponda 2 
sta 2 
stampar 2 
stanca 2 
stanche 2 
stesso 2 
Stette 4 
strazio 2 
su 4 
sua 4 
subito 2 
sul 2 
sull 4 
Sulla 2 
suo 2 
superba 2 
suscita 2 
sì 2 
tacito 2 
tacque 2 
Tal 2 
Tanai 2 
tanto 6 
Tenea 2 
tenebre 2 
terra 2 
tesa 2 
tiene 2 
trasportò 2 
trepida 2 
trionfi 2 
tristo 2 
Tu 2 
Tutto 2 
ubbidir 2 
ultima 2 
un 12 
una 4 
uno 2 
uom 2 
urna 2 
valida 2 
valli 2 
vasta 2 
vece 2 
Venne 2 
vera 2 
Vergin 2 
verrà 2 
Vide 2 
vista 2 
vittoria 2 
voci 2 
volle 2 
volsero 2 
volte 8 
è 2 
